<?xml version="1.0" encoding="UTF-8"?>
<robot generator="Robot 3.1.2 (Python 3.8.1 on win32)" generated="20200211 09:55:11.099" rpa="false">
<suite id="s1" name="Robot" source="D:\Team 2\appdosi\test-robot\robot.robot">
<test id="s1-t1" name="เข้าสู่เบราว์เซอร์">
<kw name="เปิดเบราว์เซอร์" library="Keywords">
<kw name="Open Browser" library="Selenium2Library">
<doc>Opens a new browser instance to the optional ``url``.</doc>
<arguments>
<arg>${url}</arg>
<arg>chrome</arg>
</arguments>
<msg timestamp="20200211 09:55:11.274" level="INFO">Opening browser 'chrome' to base url 'https://se.buu.ac.th/AppDOSI/index.php/gear'.</msg>
<status status="PASS" starttime="20200211 09:55:11.274" endtime="20200211 09:55:16.527"></status>
</kw>
<kw name="Click Element" library="Selenium2Library">
<doc>Click the element identified by ``locator``.</doc>
<arguments>
<arg>${btn_advanced}</arg>
</arguments>
<msg timestamp="20200211 09:55:16.527" level="INFO">Clicking element 'xpath=//*[@id="details-button"]'.</msg>
<status status="PASS" starttime="20200211 09:55:16.527" endtime="20200211 09:55:16.571"></status>
</kw>
<kw name="Click Element" library="Selenium2Library">
<doc>Click the element identified by ``locator``.</doc>
<arguments>
<arg>${btn_proceed_linkl}</arg>
</arguments>
<msg timestamp="20200211 09:55:16.571" level="INFO">Clicking element 'xpath=//*[@id="proceed-link"]'.</msg>
<status status="PASS" starttime="20200211 09:55:16.571" endtime="20200211 09:55:16.633"></status>
</kw>
<kw name="Maximize Browser Window" library="Selenium2Library">
<doc>Maximizes current browser window.</doc>
<status status="PASS" starttime="20200211 09:55:16.633" endtime="20200211 09:55:21.138"></status>
</kw>
<kw name="Sleep" library="BuiltIn">
<doc>Pauses the test executed for the given time.</doc>
<arguments>
<arg>1s</arg>
</arguments>
<msg timestamp="20200211 09:55:22.140" level="INFO">Slept 1 second</msg>
<status status="PASS" starttime="20200211 09:55:21.138" endtime="20200211 09:55:22.140"></status>
</kw>
<status status="PASS" starttime="20200211 09:55:11.274" endtime="20200211 09:55:22.140"></status>
</kw>
<kw name="เข้าสู่ระบบด้วยชื่อผู้ใช้ 60160169 และรหัสผ่าน 60160169" library="Keywords">
<kw name="Input Text" library="Selenium2Library">
<doc>Types the given ``text`` into the text field identified by ``locator``.</doc>
<arguments>
<arg>${input_username}</arg>
<arg>${username}</arg>
</arguments>
<msg timestamp="20200211 09:55:22.141" level="INFO">Typing text '60160169' into text field 'xpath=//*[@id="validate-form"]/div[1]/div/div/input'.</msg>
<status status="PASS" starttime="20200211 09:55:22.141" endtime="20200211 09:55:22.217"></status>
</kw>
<kw name="Sleep" library="BuiltIn">
<doc>Pauses the test executed for the given time.</doc>
<arguments>
<arg>1s</arg>
</arguments>
<msg timestamp="20200211 09:55:23.217" level="INFO">Slept 1 second</msg>
<status status="PASS" starttime="20200211 09:55:22.217" endtime="20200211 09:55:23.217"></status>
</kw>
<kw name="Input Text" library="Selenium2Library">
<doc>Types the given ``text`` into the text field identified by ``locator``.</doc>
<arguments>
<arg>${input_password}</arg>
<arg>${password}</arg>
</arguments>
<msg timestamp="20200211 09:55:23.217" level="INFO">Typing text '60160169' into text field 'xpath=//*[@id="exampleInputPassword1"]'.</msg>
<status status="PASS" starttime="20200211 09:55:23.217" endtime="20200211 09:55:23.288"></status>
</kw>
<kw name="Sleep" library="BuiltIn">
<doc>Pauses the test executed for the given time.</doc>
<arguments>
<arg>1s</arg>
</arguments>
<msg timestamp="20200211 09:55:24.289" level="INFO">Slept 1 second</msg>
<status status="PASS" starttime="20200211 09:55:23.288" endtime="20200211 09:55:24.289"></status>
</kw>
<kw name="Click Element" library="Selenium2Library">
<doc>Click the element identified by ``locator``.</doc>
<arguments>
<arg>${btn_login}</arg>
</arguments>
<msg timestamp="20200211 09:55:24.289" level="INFO">Clicking element 'xpath=//*[@id="validate-form"]/input'.</msg>
<status status="PASS" starttime="20200211 09:55:24.289" endtime="20200211 09:55:24.811"></status>
</kw>
<kw name="Sleep" library="BuiltIn">
<doc>Pauses the test executed for the given time.</doc>
<arguments>
<arg>1s</arg>
</arguments>
<msg timestamp="20200211 09:55:25.812" level="INFO">Slept 1 second</msg>
<status status="PASS" starttime="20200211 09:55:24.811" endtime="20200211 09:55:25.812"></status>
</kw>
<status status="PASS" starttime="20200211 09:55:22.141" endtime="20200211 09:55:25.813"></status>
</kw>
<kw name="เลือกเมนู" library="Keywords">
<kw name="Sleep" library="BuiltIn">
<doc>Pauses the test executed for the given time.</doc>
<arguments>
<arg>5s</arg>
</arguments>
<msg timestamp="20200211 09:55:30.818" level="INFO">Slept 5 seconds</msg>
<status status="PASS" starttime="20200211 09:55:25.816" endtime="20200211 09:55:30.818"></status>
</kw>
<kw name="Click Element" library="Selenium2Library">
<doc>Click the element identified by ``locator``.</doc>
<arguments>
<arg>${card_menu}</arg>
</arguments>
<msg timestamp="20200211 09:55:30.820" level="INFO">Clicking element 'xpath=//*[@id="layout-static"]/div[2]/div/div/div[2]/div/div/div/div[2]/div/div/div/div[2]/a/div/div/div[2]'.</msg>
<status status="PASS" starttime="20200211 09:55:30.819" endtime="20200211 09:55:31.310"></status>
</kw>
<kw name="Sleep" library="BuiltIn">
<doc>Pauses the test executed for the given time.</doc>
<arguments>
<arg>0.5s</arg>
</arguments>
<msg timestamp="20200211 09:55:31.811" level="INFO">Slept 500 milliseconds</msg>
<status status="PASS" starttime="20200211 09:55:31.310" endtime="20200211 09:55:31.811"></status>
</kw>
<status status="PASS" starttime="20200211 09:55:25.815" endtime="20200211 09:55:31.811"></status>
</kw>
<status status="PASS" starttime="20200211 09:55:11.273" endtime="20200211 09:55:31.813" critical="yes"></status>
</test>
<status status="PASS" starttime="20200211 09:55:11.100" endtime="20200211 09:55:31.818"></status>
</suite>
<statistics>
<total>
<stat pass="1" fail="0">Critical Tests</stat>
<stat pass="1" fail="0">All Tests</stat>
</total>
<tag>
</tag>
<suite>
<stat pass="1" fail="0" id="s1" name="Robot">Robot</stat>
</suite>
</statistics>
<errors>
</errors>
</robot>
