<?xml version="1.0" encoding="UTF-8"?>
<robot generator="Robot 3.1.2 (Python 3.8.1 on win32)" generated="20200211 10:27:47.497" rpa="false">
<suite id="s1" name="Robot" source="D:\Team 2\appdosi\test-robot\robot.robot">
<test id="s1-t1" name="เข้าสู่เบราว์เซอร์">
<kw name="เปิดเบราว์เซอร์" library="Keywords">
<kw name="Open Browser" library="Selenium2Library">
<doc>Opens a new browser instance to the optional ``url``.</doc>
<arguments>
<arg>${url}</arg>
<arg>chrome</arg>
</arguments>
<msg timestamp="20200211 10:27:47.678" level="INFO">Opening browser 'chrome' to base url 'https://se.buu.ac.th/AppDOSI/index.php/gear'.</msg>
<status status="PASS" starttime="20200211 10:27:47.678" endtime="20200211 10:27:52.844"></status>
</kw>
<kw name="Click Element" library="Selenium2Library">
<doc>Click the element identified by ``locator``.</doc>
<arguments>
<arg>${btn_advanced}</arg>
</arguments>
<msg timestamp="20200211 10:27:52.844" level="INFO">Clicking element 'xpath=//*[@id="details-button"]'.</msg>
<status status="PASS" starttime="20200211 10:27:52.844" endtime="20200211 10:27:52.893"></status>
</kw>
<kw name="Click Element" library="Selenium2Library">
<doc>Click the element identified by ``locator``.</doc>
<arguments>
<arg>${btn_proceed_linkl}</arg>
</arguments>
<msg timestamp="20200211 10:27:52.894" level="INFO">Clicking element 'xpath=//*[@id="proceed-link"]'.</msg>
<status status="PASS" starttime="20200211 10:27:52.893" endtime="20200211 10:27:53.335"></status>
</kw>
<kw name="Maximize Browser Window" library="Selenium2Library">
<doc>Maximizes current browser window.</doc>
<status status="PASS" starttime="20200211 10:27:53.336" endtime="20200211 10:27:57.461"></status>
</kw>
<kw name="Sleep" library="BuiltIn">
<doc>Pauses the test executed for the given time.</doc>
<arguments>
<arg>0.5s</arg>
</arguments>
<msg timestamp="20200211 10:27:57.963" level="INFO">Slept 500 milliseconds</msg>
<status status="PASS" starttime="20200211 10:27:57.461" endtime="20200211 10:27:57.963"></status>
</kw>
<status status="PASS" starttime="20200211 10:27:47.677" endtime="20200211 10:27:57.963"></status>
</kw>
<kw name="เข้าสู่ระบบด้วยชื่อผู้ใช้ 60160169 และรหัสผ่าน 60160169" library="Keywords">
<kw name="Input Text" library="Selenium2Library">
<doc>Types the given ``text`` into the text field identified by ``locator``.</doc>
<arguments>
<arg>${input_username}</arg>
<arg>${username}</arg>
</arguments>
<msg timestamp="20200211 10:27:57.967" level="INFO">Typing text '60160169' into text field 'xpath=//*[@id="validate-form"]/div[1]/div/div/input'.</msg>
<status status="PASS" starttime="20200211 10:27:57.966" endtime="20200211 10:27:58.065"></status>
</kw>
<kw name="Sleep" library="BuiltIn">
<doc>Pauses the test executed for the given time.</doc>
<arguments>
<arg>0.5s</arg>
</arguments>
<msg timestamp="20200211 10:27:58.566" level="INFO">Slept 500 milliseconds</msg>
<status status="PASS" starttime="20200211 10:27:58.065" endtime="20200211 10:27:58.566"></status>
</kw>
<kw name="Input Text" library="Selenium2Library">
<doc>Types the given ``text`` into the text field identified by ``locator``.</doc>
<arguments>
<arg>${input_password}</arg>
<arg>${password}</arg>
</arguments>
<msg timestamp="20200211 10:27:58.567" level="INFO">Typing text '60160169' into text field 'xpath=//*[@id="exampleInputPassword1"]'.</msg>
<status status="PASS" starttime="20200211 10:27:58.566" endtime="20200211 10:27:58.644"></status>
</kw>
<kw name="Sleep" library="BuiltIn">
<doc>Pauses the test executed for the given time.</doc>
<arguments>
<arg>0.5s</arg>
</arguments>
<msg timestamp="20200211 10:27:59.146" level="INFO">Slept 500 milliseconds</msg>
<status status="PASS" starttime="20200211 10:27:58.644" endtime="20200211 10:27:59.146"></status>
</kw>
<kw name="Click Element" library="Selenium2Library">
<doc>Click the element identified by ``locator``.</doc>
<arguments>
<arg>${btn_login}</arg>
</arguments>
<msg timestamp="20200211 10:27:59.148" level="INFO">Clicking element 'xpath=//*[@id="validate-form"]/input'.</msg>
<status status="PASS" starttime="20200211 10:27:59.147" endtime="20200211 10:27:59.651"></status>
</kw>
<kw name="Sleep" library="BuiltIn">
<doc>Pauses the test executed for the given time.</doc>
<arguments>
<arg>1s</arg>
</arguments>
<msg timestamp="20200211 10:28:00.654" level="INFO">Slept 1 second</msg>
<status status="PASS" starttime="20200211 10:27:59.652" endtime="20200211 10:28:00.654"></status>
</kw>
<status status="PASS" starttime="20200211 10:27:57.965" endtime="20200211 10:28:00.655"></status>
</kw>
<kw name="เลือกเมนู" library="Keywords">
<kw name="Click Element" library="Selenium2Library">
<doc>Click the element identified by ``locator``.</doc>
<arguments>
<arg>${home_menu}</arg>
</arguments>
<msg timestamp="20200211 10:28:00.658" level="INFO">Clicking element 'xpath=//*[@id="layout-static"]/div[2]/div/div/div[1]/a'.</msg>
<status status="PASS" starttime="20200211 10:28:00.658" endtime="20200211 10:28:00.935"></status>
</kw>
<kw name="Sleep" library="BuiltIn">
<doc>Pauses the test executed for the given time.</doc>
<arguments>
<arg>1s</arg>
</arguments>
<msg timestamp="20200211 10:28:01.936" level="INFO">Slept 1 second</msg>
<status status="PASS" starttime="20200211 10:28:00.935" endtime="20200211 10:28:01.936"></status>
</kw>
<kw name="Click Element" library="Selenium2Library">
<doc>Click the element identified by ``locator``.</doc>
<arguments>
<arg>${card_menu}</arg>
</arguments>
<msg timestamp="20200211 10:28:01.937" level="INFO">Clicking element 'xpath=//*[@id="layout-static"]/div[2]/div/div/div[2]/div/div/div/div[2]/div/div/div/div[2]/a/div/div/div[2]'.</msg>
<status status="PASS" starttime="20200211 10:28:01.936" endtime="20200211 10:28:02.332"></status>
</kw>
<kw name="Sleep" library="BuiltIn">
<doc>Pauses the test executed for the given time.</doc>
<arguments>
<arg>0.5s</arg>
</arguments>
<msg timestamp="20200211 10:28:02.833" level="INFO">Slept 500 milliseconds</msg>
<status status="PASS" starttime="20200211 10:28:02.332" endtime="20200211 10:28:02.833"></status>
</kw>
<status status="PASS" starttime="20200211 10:28:00.657" endtime="20200211 10:28:02.834"></status>
</kw>
<kw name="เลือกโปรเจ็ค" library="Keywords">
<kw name="Click Element" library="Selenium2Library">
<doc>Click the element identified by ``locator``.</doc>
<arguments>
<arg>${test_project}</arg>
</arguments>
<msg timestamp="20200211 10:28:02.836" level="INFO">Clicking element 'xpath=//*[@id="412"]'.</msg>
<status status="PASS" starttime="20200211 10:28:02.836" endtime="20200211 10:28:02.907"></status>
</kw>
<kw name="Sleep" library="BuiltIn">
<doc>Pauses the test executed for the given time.</doc>
<arguments>
<arg>2s</arg>
</arguments>
<msg timestamp="20200211 10:28:04.909" level="INFO">Slept 2 seconds</msg>
<status status="PASS" starttime="20200211 10:28:02.907" endtime="20200211 10:28:04.909"></status>
</kw>
<status status="PASS" starttime="20200211 10:28:02.835" endtime="20200211 10:28:04.909"></status>
</kw>
<kw name="เพิ่มงานสิ่งที่ต้องทำ" library="Keywords">
<kw name="Click Element" library="Selenium2Library">
<doc>Click the element identified by ``locator``.</doc>
<arguments>
<arg>${add_work_todo}</arg>
</arguments>
<msg timestamp="20200211 10:28:04.913" level="INFO">Clicking element 'xpath=//*[@id="tk1073"]'.</msg>
<status status="PASS" starttime="20200211 10:28:04.912" endtime="20200211 10:28:04.961"></status>
</kw>
<kw name="Sleep" library="BuiltIn">
<doc>Pauses the test executed for the given time.</doc>
<arguments>
<arg>0.5s</arg>
</arguments>
<msg timestamp="20200211 10:28:05.462" level="INFO">Slept 500 milliseconds</msg>
<status status="PASS" starttime="20200211 10:28:04.961" endtime="20200211 10:28:05.462"></status>
</kw>
<status status="PASS" starttime="20200211 10:28:04.911" endtime="20200211 10:28:05.462"></status>
</kw>
<kw name="เพิ่มชื่อโปรแกรม ทดสอบ" library="Keywords">
<kw name="Input Text" library="Selenium2Library">
<doc>Types the given ``text`` into the text field identified by ``locator``.</doc>
<arguments>
<arg>${input_pg_name}</arg>
<arg>${name_programe}</arg>
</arguments>
<msg timestamp="20200211 10:28:05.464" level="INFO">Typing text 'ทดสอบ' into text field 'xpath=//*[@id="pg_name"]'.</msg>
<status status="PASS" starttime="20200211 10:28:05.464" endtime="20200211 10:28:05.547"></status>
</kw>
<kw name="Sleep" library="BuiltIn">
<doc>Pauses the test executed for the given time.</doc>
<arguments>
<arg>0.5s</arg>
</arguments>
<msg timestamp="20200211 10:28:06.048" level="INFO">Slept 500 milliseconds</msg>
<status status="PASS" starttime="20200211 10:28:05.547" endtime="20200211 10:28:06.048"></status>
</kw>
<status status="PASS" starttime="20200211 10:28:05.463" endtime="20200211 10:28:06.049"></status>
</kw>
<kw name="เลือก PSP 1" library="Keywords">
<kw name="Select From List By Value" library="Selenium2Library">
<doc>Selects options from selection list ``locator`` by ``values``.</doc>
<arguments>
<arg>${select_type_psp}</arg>
<arg>${psp}</arg>
</arguments>
<msg timestamp="20200211 10:28:06.053" level="INFO">Selecting options from selection list 'xpath=//*[@id="pg_psp_type"]' by value 1.</msg>
<status status="PASS" starttime="20200211 10:28:06.052" endtime="20200211 10:28:06.122"></status>
</kw>
<kw name="Sleep" library="BuiltIn">
<doc>Pauses the test executed for the given time.</doc>
<arguments>
<arg>0.5s</arg>
</arguments>
<msg timestamp="20200211 10:28:06.624" level="INFO">Slept 500 milliseconds</msg>
<status status="PASS" starttime="20200211 10:28:06.122" endtime="20200211 10:28:06.624"></status>
</kw>
<status status="PASS" starttime="20200211 10:28:06.051" endtime="20200211 10:28:06.624"></status>
</kw>
<kw name="กดปุ่มเพิ่มโปรแกรมงาน" library="Keywords">
<kw name="Click Element" library="Selenium2Library">
<doc>Click the element identified by ``locator``.</doc>
<arguments>
<arg>${btn_confirm_add_pg}</arg>
</arguments>
<msg timestamp="20200211 10:28:06.625" level="INFO">Clicking element 'xpath=//*[@id="myModal_create_program"]/div[2]/div/form/div[2]/button[1]'.</msg>
<status status="PASS" starttime="20200211 10:28:06.625" endtime="20200211 10:28:06.676"></status>
</kw>
<status status="PASS" starttime="20200211 10:28:06.625" endtime="20200211 10:28:06.676"></status>
</kw>
<status status="PASS" starttime="20200211 10:27:47.676" endtime="20200211 10:28:06.677" critical="yes"></status>
</test>
<status status="PASS" starttime="20200211 10:27:47.498" endtime="20200211 10:28:06.678"></status>
</suite>
<statistics>
<total>
<stat pass="1" fail="0">Critical Tests</stat>
<stat pass="1" fail="0">All Tests</stat>
</total>
<tag>
</tag>
<suite>
<stat pass="1" fail="0" id="s1" name="Robot">Robot</stat>
</suite>
</statistics>
<errors>
</errors>
</robot>
